<?xml version="1.0" encoding="UTF-8"?>
<!-- Generated by org.testng.reporters.JUnitReportReporter -->
<testsuite hostname="LAPTOP-LDN7LJGO" failures="0" tests="2" name="test1.HTTPRequest" time="3.937" errors="0" timestamp="2024-04-27T19:57:10 IST" skipped="0">
  <testcase classname="test1.HTTPRequest" name="createUser" time="3.466"/>
  <system-out/>
  <testcase classname="test1.HTTPRequest" name="deleteUser" time="0.471"/>
  <system-out/>
</testsuite> <!-- test1.HTTPRequest -->
